<?xml version="1.0" encoding="UTF-8"?>
<!-- Generated by org.testng.reporters.JUnitReportReporter -->
<testsuite skipped="0" hostname="LAPTOP-HRPF4BH4" name="Generic_Library.PractiseTest" tests="1" failures="0" timestamp="2023-10-25T17:30:55 IST" time="7.002" errors="0">
  <testcase name="m4" time="7.002" classname="Generic_Library.PractiseTest"/>
  <system-out/>
</testsuite> <!-- Generic_Library.PractiseTest -->
