<?xml version="1.0" encoding="UTF-8"?>
<!-- Generated by org.testng.reporters.JUnitReportReporter -->
<testsuite skipped="0" hostname="LAPTOP-HRPF4BH4" name="Generic_Library.BaseClass" tests="1" failures="0" timestamp="2023-10-25T13:55:35 IST" time="0.009" errors="0">
  <testcase name="find" time="0.009" classname="Generic_Library.BaseClass"/>
  <system-out/>
</testsuite> <!-- Generic_Library.BaseClass -->
